Batch 0
Batch 1
Batch 2
Batch 3
Batch 4
Batch 5
Batch 6
Batch 7
Batch 8
Batch 9
Batch 10

Tensorflow times:
[0.05524731 0.05216742 0.05520558 0.05547166 0.0568471  0.06197834
 0.05329156 0.05654645 0.0560205  0.05644846]
Mean:	0.055922
Min:	0.052167
Max:	0.061978

Enclave times:
[481.75736403 481.9188807  483.78635144 483.60021925 484.40913224
 482.61634421 481.02364039 480.89545655 481.12720442 480.92150331]
Mean:	482.205610
Min:	480.895457
Max:	484.409132

Enclave is slower than TF by a factor of 8622.757483
Total measurement took 5307.088503 seconds
