Loading data
Batch 0
Batch 1
Batch 2
Batch 3
Batch 4
Batch 5

BATCH SIZE:	15
NUM BATCHES:	5
SKIPPING FIRST 1 RESULTS

Tensorflow times:
[1.97929907 0.08788252 0.10576391 0.10083175 0.0967989  0.09900093]
Mean:	0.098056
Min:	0.087883
Max:	0.105764

Tensorflow accuracies:
[0.6        0.6        0.46666667 0.8        0.6        0.53333333]
Mean:	0.600000
Min:	0.466667
Max:	0.800000

Enclave times:
[1473.4400022  1478.94818425 1464.88912487 1441.99723482 1445.75123358
 1455.04692912]
Mean:	1457.326541
Min:	1441.997235
Max:	1478.948184

Enclave accuracies:
[0.6        0.6        0.46666667 0.8        0.6        0.53333333]
Mean:	0.600000
Min:	0.466667
Max:	0.800000

Enclave is slower than TF by a factor of 14862.246773
Number of same results for Enclave and TF per batch:
[15. 15. 15. 15. 15. 15.]
Total measurement took 8762.644680 seconds
