Loading data
Batch 0
Batch 1
Batch 2
Batch 3
Batch 4
Batch 5
Batch 6
Batch 7
Batch 8
Batch 9
Batch 10

BATCH SIZE:	7
NUM BATCHES:	10
SKIPPING FIRST 1 RESULTS

Tensorflow times:
[1.66874003 0.05447197 0.05786967 0.06518316 0.06945086 0.06579185
 0.06877708 0.06776476 0.06621003 0.06645083 0.06554151]
Mean:	0.064751
Min:	0.054472
Max:	0.069451

Tensorflow accuracies:
[0.42857143 0.42857143 0.71428571 0.42857143 0.14285714 0.42857143
 0.57142857 0.57142857 0.42857143 1.         0.42857143]
Mean:	0.514286
Min:	0.142857
Max:	1.000000

Enclave times:
[0.71466494 0.64217401 0.66491842 0.65557694 0.64504886 0.6585145
 0.66426897 0.65476537 0.67123842 0.6628387  0.67298698]
Mean:	0.659233
Min:	0.642174
Max:	0.672987

Enclave accuracies:
[0.42857143 0.42857143 0.71428571 0.42857143 0.14285714 0.42857143
 0.57142857 0.57142857 0.42857143 1.         0.42857143]
Mean:	0.514286
Min:	0.142857
Max:	1.000000

Enclave is slower than TF by a factor of 10.181022
Number of same results for Enclave and TF per batch:
[7. 7. 7. 7. 7. 7. 7. 7. 7. 7. 7.]
Total measurement took 9.742545 seconds
