Loading data
Batch 0
Batch 1
Batch 2
Batch 3
Batch 4
Batch 5
Batch 6
Batch 7
Batch 8
Batch 9
Batch 10

BATCH SIZE:	5
NUM BATCHES:	10
SKIPPING FIRST 1 RESULTS

Tensorflow times:
[1.57570195 0.04353809 0.04850054 0.04748368 0.05456424 0.05442548
 0.05415702 0.05490828 0.05313993 0.04914117 0.05301857]
Mean:	0.051288
Min:	0.043538
Max:	0.054908

Tensorflow accuracies:
[0.6 0.6 0.6 1.  0.6 0.6 0.6 0.4 0.2 0.6 0.4]
Mean:	0.560000
Min:	0.200000
Max:	1.000000

Enclave times:
[0.54017186 0.46567225 0.46757793 0.48226905 0.48333597 0.46127868
 0.47551751 0.46647406 0.46143508 0.46481156 0.48102903]
Mean:	0.470940
Min:	0.461279
Max:	0.483336

Enclave accuracies:
[0.6 0.6 0.6 1.  0.6 0.6 0.6 0.4 0.2 0.6 0.4]
Mean:	0.560000
Min:	0.200000
Max:	1.000000

Enclave is slower than TF by a factor of 9.182321
Number of same results for Enclave and TF per batch:
[5. 5. 5. 5. 5. 5. 5. 5. 5. 5. 5.]
Total measurement took 7.454944 seconds
