Loading data
Batch 0
Batch 1
Batch 2
Batch 3
Batch 4
Batch 5
Batch 6
Batch 7
Batch 8
Batch 9
Batch 10

BATCH SIZE:	3
NUM BATCHES:	10
SKIPPING FIRST 1 RESULTS

Tensorflow times:
[1.50471044 0.03415942 0.03598118 0.03560972 0.03537202 0.03562689
 0.03929543 0.03936815 0.03973985 0.03742027 0.03956389]
Mean:	0.037214
Min:	0.034159
Max:	0.039740

Tensorflow accuracies:
[0.66666667 1.         1.         0.33333333 1.         0.66666667
 0.66666667 0.33333333 0.33333333 0.66666667 0.66666667]
Mean:	0.666667
Min:	0.333333
Max:	1.000000

Enclave times:
[0.35590005 0.28652978 0.29556966 0.28250051 0.2966876  0.27623987
 0.2871995  0.29513741 0.28476453 0.2776742  0.28315258]
Mean:	0.286546
Min:	0.276240
Max:	0.296688

Enclave accuracies:
[0.66666667 1.         1.         0.33333333 1.         0.66666667
 0.66666667 0.33333333 0.33333333 0.66666667 0.66666667]
Mean:	0.666667
Min:	0.333333
Max:	1.000000

Enclave is slower than TF by a factor of 7.700005
Number of same results for Enclave and TF per batch:
[3. 3. 3. 3. 3. 3. 3. 3. 3. 3. 3.]
Total measurement took 5.212043 seconds
