Loading data
Batch 0
Batch 1
Batch 2
Batch 3
Batch 4
Batch 5
Batch 6
Batch 7
Batch 8
Batch 9
Batch 10

BATCH SIZE:	9
NUM BATCHES:	10
SKIPPING FIRST 1 RESULTS

Tensorflow times:
[1.7334528  0.06422687 0.06683517 0.07380462 0.07513881 0.07165003
 0.07628226 0.07226586 0.07498765 0.07247806 0.07738376]
Mean:	0.072505
Min:	0.064227
Max:	0.077384

Tensorflow accuracies:
[0.66666667 0.77777778 0.66666667 0.44444444 0.55555556 0.66666667
 0.88888889 0.55555556 0.77777778 0.55555556 0.44444444]
Mean:	0.633333
Min:	0.444444
Max:	0.888889

Enclave times:
[0.90489841 0.8243413  0.82555223 0.81250286 0.83799529 0.82769465
 0.84813142 0.84534383 0.84141469 0.83328629 0.8160181 ]
Mean:	0.831228
Min:	0.812503
Max:	0.848131

Enclave accuracies:
[0.66666667 0.77777778 0.66666667 0.44444444 0.55555556 0.66666667
 0.88888889 0.55555556 0.77777778 0.55555556 0.44444444]
Mean:	0.633333
Min:	0.444444
Max:	0.888889

Enclave is slower than TF by a factor of 11.464375
Number of same results for Enclave and TF per batch:
[9. 9. 9. 9. 9. 9. 9. 9. 9. 9. 9.]
Total measurement took 11.799333 seconds
