Loading data
Batch 0
Batch 1
Batch 2
Batch 3
Batch 4
Batch 5
Batch 6
Batch 7
Batch 8
Batch 9
Batch 10

BATCH SIZE:	10
NUM BATCHES:	10
SKIPPING FIRST 1 RESULTS

Tensorflow times:
[1.76926756 0.06866884 0.08027101 0.07691145 0.0806489  0.07429934
 0.07779098 0.08060408 0.07597399 0.07598114 0.08056164]
Mean:	0.077171
Min:	0.068669
Max:	0.080649

Tensorflow accuracies:
[0.6 0.4 0.7 0.6 0.6 0.6 0.5 0.6 0.5 0.7 0.8]
Mean:	0.600000
Min:	0.400000
Max:	0.800000

Enclave times:
[0.97651935 0.91960835 0.93084002 0.91618371 0.94486976 0.91618061
 0.91523957 0.92670965 0.91616058 0.93977284 0.94143653]
Mean:	0.926700
Min:	0.915240
Max:	0.944870

Enclave accuracies:
[0.6 0.4 0.7 0.6 0.6 0.6 0.5 0.6 0.5 0.7 0.8]
Mean:	0.600000
Min:	0.400000
Max:	0.800000

Enclave is slower than TF by a factor of 12.008378
Number of same results for Enclave and TF per batch:
[10. 10. 10. 10. 10. 10. 10. 10. 10. 10. 10.]
Total measurement took 12.908296 seconds
