Loading data
Batch 0
Batch 1
Batch 2
Batch 3
Batch 4
Batch 5

BATCH SIZE:	7
NUM BATCHES:	5
SKIPPING FIRST 1 RESULTS

Tensorflow times:
[1.64535904 0.06637836 0.07341862 0.06671095 0.06459188 0.06800652]
Mean:	0.067821
Min:	0.064592
Max:	0.073419

Tensorflow accuracies:
[0.71428571 0.28571429 0.57142857 0.57142857 0.57142857 0.71428571]
Mean:	0.542857
Min:	0.285714
Max:	0.714286

Enclave times:
[434.06380677 437.19790602 436.93292809 439.51497483 437.66487694
 437.25192809]
Mean:	437.712523
Min:	436.932928
Max:	439.514975

Enclave accuracies:
[0.71428571 0.28571429 0.57142857 0.57142857 0.57142857 0.71428571]
Mean:	0.542857
Min:	0.285714
Max:	0.714286

Enclave is slower than TF by a factor of 6453.912759
Number of same results for Enclave and TF per batch:
[7. 7. 7. 7. 7. 7.]
Total measurement took 2624.710147 seconds
