Loading data
Batch 0
Batch 1
Batch 2
Batch 3
Batch 4
Batch 5

BATCH SIZE:	1
NUM BATCHES:	5
SKIPPING FIRST 1 RESULTS

Tensorflow times:
[1.42179585 0.02905512 0.02977681 0.03016281 0.03499722 0.03056312]
Mean:	0.030911
Min:	0.029055
Max:	0.034997

Tensorflow accuracies:
[1. 1. 0. 1. 1. 0.]
Mean:	0.600000
Min:	0.000000
Max:	1.000000

Enclave times:
[62.05027723 62.02587318 62.00879049 61.99818707 61.99625421 62.01861644]
Mean:	62.009544
Min:	61.996254
Max:	62.025873

Enclave accuracies:
[1. 1. 0. 1. 1. 0.]
Mean:	0.600000
Min:	0.000000
Max:	1.000000

Enclave is slower than TF by a factor of 2006.066166
Number of same results for Enclave and TF per batch:
[1. 1. 1. 1. 1. 1.]
Total measurement took 373.766495 seconds
