Loading data
Batch 0
Batch 1
Batch 2
Batch 3
Batch 4
Batch 5

BATCH SIZE:	15
NUM BATCHES:	5
SKIPPING FIRST 1 RESULTS

Tensorflow times:
[1.96952415 0.08806825 0.09233594 0.0927093  0.0940187  0.09398961]
Mean:	0.092224
Min:	0.088068
Max:	0.094019

Tensorflow accuracies:
[0.53333333 0.46666667 0.46666667 0.4        0.33333333 0.6       ]
Mean:	0.453333
Min:	0.333333
Max:	0.600000

Enclave times:
[939.15237975 938.34978104 933.58294463 933.68435216 932.99525166
 933.63431406]
Mean:	934.449329
Min:	932.995252
Max:	938.349781

Enclave accuracies:
[0.53333333 0.46666667 0.46666667 0.4        0.33333333 0.6       ]
Mean:	0.453333
Min:	0.333333
Max:	0.600000

Enclave is slower than TF by a factor of 10132.348261
Number of same results for Enclave and TF per batch:
[15. 15. 15. 15. 15. 15.]
Total measurement took 5613.947421 seconds
