Loading data
Batch 0
Batch 1
Batch 2
Batch 3
Batch 4
Batch 5

BATCH SIZE:	5
NUM BATCHES:	5
SKIPPING FIRST 1 RESULTS

Tensorflow times:
[1.5580976  0.05966663 0.05304337 0.0558269  0.05873227 0.0562427 ]
Mean:	0.056702
Min:	0.053043
Max:	0.059667

Tensorflow accuracies:
[0.4 0.6 0.8 0.6 0.4 0.4]
Mean:	0.560000
Min:	0.400000
Max:	0.800000

Enclave times:
[309.84160542 310.0518856  309.99540591 309.87678933 309.99944472
 309.94978261]
Mean:	309.974662
Min:	309.876789
Max:	310.051886

Enclave accuracies:
[0.4 0.6 0.8 0.6 0.4 0.4]
Mean:	0.560000
Min:	0.400000
Max:	0.800000

Enclave is slower than TF by a factor of 5466.696225
Number of same results for Enclave and TF per batch:
[5. 5. 5. 5. 5. 5.]
Total measurement took 1861.653259 seconds
