Loading data
Batch 0
Batch 1
Batch 2
Batch 3
Batch 4
Batch 5

BATCH SIZE:	3
NUM BATCHES:	5
SKIPPING FIRST 1 RESULTS

Tensorflow times:
[1.48434901 0.04398561 0.04082656 0.04858541 0.04396915 0.04420209]
Mean:	0.044314
Min:	0.040827
Max:	0.048585

Tensorflow accuracies:
[0.66666667 0.33333333 1.         0.33333333 0.66666667 0.        ]
Mean:	0.466667
Min:	0.000000
Max:	1.000000

Enclave times:
[186.08600402 185.9586966  185.93523526 186.00178504 185.95936036
 185.87285423]
Mean:	185.945586
Min:	185.872854
Max:	186.001785

Enclave accuracies:
[0.66666667 0.33333333 1.         0.33333333 0.66666667 0.        ]
Mean:	0.466667
Min:	0.000000
Max:	1.000000

Enclave is slower than TF by a factor of 4196.113512
Number of same results for Enclave and TF per batch:
[3. 3. 3. 3. 3. 3.]
Total measurement took 1117.614976 seconds
