Loading data
Batch 0
Batch 1
Batch 2
Batch 3
Batch 4
Batch 5

BATCH SIZE:	10
NUM BATCHES:	5
SKIPPING FIRST 1 RESULTS

Tensorflow times:
[1.76747489 0.07741785 0.08114386 0.0744977  0.07847381 0.08257222]
Mean:	0.078821
Min:	0.074498
Max:	0.082572

Tensorflow accuracies:
[0.6 0.5 0.6 0.6 0.3 0.5]
Mean:	0.500000
Min:	0.300000
Max:	0.600000

Enclave times:
[622.44708681 625.1178987  625.15519929 622.93631554 624.96888161
 623.4889102 ]
Mean:	624.333441
Min:	622.936316
Max:	625.155199

Enclave accuracies:
[0.6 0.5 0.6 0.6 0.3 0.5]
Mean:	0.500000
Min:	0.300000
Max:	0.600000

Enclave is slower than TF by a factor of 7920.893580
Number of same results for Enclave and TF per batch:
[10. 10. 10. 10. 10. 10.]
Total measurement took 3746.389501 seconds
