Loading data
Batch 0
Batch 1
Batch 2
Batch 3
Batch 4
Batch 5

BATCH SIZE:	5
NUM BATCHES:	5
SKIPPING FIRST 1 RESULTS

Tensorflow times:
[1.55983591 0.05131006 0.05935979 0.06131077 0.05750275 0.05871153]
Mean:	0.057639
Min:	0.051310
Max:	0.061311

Tensorflow accuracies:
[0.6 0.8 0.4 0.2 0.6 0.6]
Mean:	0.520000
Min:	0.200000
Max:	0.800000

Enclave times:
[169.2666595  169.18980289 169.20534587 169.2294836  169.25289869
 169.23795795]
Mean:	169.223098
Min:	169.189803
Max:	169.252899

Enclave accuracies:
[0.6 0.8 0.4 0.2 0.6 0.6]
Mean:	0.520000
Min:	0.200000
Max:	0.800000

Enclave is slower than TF by a factor of 2935.914217
Number of same results for Enclave and TF per batch:
[5. 5. 5. 5. 5. 5.]
Total measurement took 1017.329171 seconds
