Loading data
Batch 0
Batch 1
Batch 2
Batch 3
Batch 4
Batch 5

BATCH SIZE:	1
NUM BATCHES:	5
SKIPPING FIRST 1 RESULTS

Tensorflow times:
[1.40236521 0.02910972 0.0310421  0.0309329  0.03547549 0.03346825]
Mean:	0.032006
Min:	0.029110
Max:	0.035475

Tensorflow accuracies:
[1. 1. 0. 1. 1. 1.]
Mean:	0.800000
Min:	0.000000
Max:	1.000000

Enclave times:
[33.92437363 33.84393501 33.86285305 33.88207865 33.90118241 33.86995649]
Mean:	33.872001
Min:	33.843935
Max:	33.901182

Enclave accuracies:
[1. 1. 0. 1. 1. 1.]
Mean:	0.800000
Min:	0.000000
Max:	1.000000

Enclave is slower than TF by a factor of 1058.311803
Number of same results for Enclave and TF per batch:
[1. 1. 1. 1. 1. 1.]
Total measurement took 204.941426 seconds
