Loading data
Batch 0
Batch 1
Batch 2
Batch 3
Batch 4
Batch 5

BATCH SIZE:	3
NUM BATCHES:	5
SKIPPING FIRST 1 RESULTS

Tensorflow times:
[1.47771764 0.04518461 0.04766631 0.04958701 0.04140735 0.04482722]
Mean:	0.045735
Min:	0.041407
Max:	0.049587

Tensorflow accuracies:
[0.66666667 1.         0.33333333 0.33333333 0.33333333 0.66666667]
Mean:	0.533333
Min:	0.333333
Max:	1.000000

Enclave times:
[101.61772227 101.50733948 101.56958318 101.62285972 101.50133324
 101.58450103]
Mean:	101.557123
Min:	101.501333
Max:	101.622860

Enclave accuracies:
[0.66666667 1.         0.33333333 0.33333333 0.33333333 0.66666667]
Mean:	0.533333
Min:	0.333333
Max:	1.000000

Enclave is slower than TF by a factor of 2220.580117
Number of same results for Enclave and TF per batch:
[3. 3. 3. 3. 3. 3.]
Total measurement took 611.207745 seconds
