Loading data
Batch 0
Batch 1
Batch 2
Batch 3
Batch 4
Batch 5

BATCH SIZE:	8
NUM BATCHES:	5
SKIPPING FIRST 1 RESULTS

Tensorflow times:
[1.56219053 0.07483053 0.07070923 0.07602596 0.07606936 0.07608795]
Mean:	0.074745
Min:	0.070709
Max:	0.076088

Tensorflow accuracies:
[0.625 0.75  0.5   0.875 0.5   0.375]
Mean:	0.600000
Min:	0.375000
Max:	0.875000

Enclave times:
[270.65883636 270.55136967 270.78091049 270.80781317 270.75396061
 270.81548738]
Mean:	270.741908
Min:	270.551370
Max:	270.815487

Enclave accuracies:
[0.625 0.75  0.5   0.875 0.5   0.375]
Mean:	0.600000
Min:	0.375000
Max:	0.875000

Enclave is slower than TF by a factor of 3622.226709
Number of same results for Enclave and TF per batch:
[8. 8. 8. 8. 8. 8.]
Total measurement took 1626.406983 seconds
