Loading data
Batch 0
Batch 1
Batch 2
Batch 3
Batch 4
Batch 5

BATCH SIZE:	15
NUM BATCHES:	5
SKIPPING FIRST 1 RESULTS

Tensorflow times:
[1.96939135 0.09442401 0.09691548 0.10224795 0.09712386 0.0931077 ]
Mean:	0.096764
Min:	0.093108
Max:	0.102248

Tensorflow accuracies:
[0.4        0.46666667 0.4        0.53333333 0.53333333 0.86666667]
Mean:	0.560000
Min:	0.400000
Max:	0.866667

Enclave times:
[507.68644071 507.52297711 507.35226226 507.90421629 507.72150397
 507.3955369 ]
Mean:	507.579299
Min:	507.352262
Max:	507.904216

Enclave accuracies:
[0.4        0.46666667 0.4        0.53333333 0.53333333 0.86666667]
Mean:	0.560000
Min:	0.400000
Max:	0.866667

Enclave is slower than TF by a factor of 5245.549379
Number of same results for Enclave and TF per batch:
[15. 15. 15. 15. 15. 15.]
Total measurement took 3048.145152 seconds
