Loading data
Batch 0
Batch 1
Batch 2
Batch 3
Batch 4
Batch 5

BATCH SIZE:	7
NUM BATCHES:	5
SKIPPING FIRST 1 RESULTS

Tensorflow times:
[1.6415329  0.06326175 0.06112862 0.06966662 0.06127357 0.07419205]
Mean:	0.065905
Min:	0.061129
Max:	0.074192

Tensorflow accuracies:
[0.28571429 0.71428571 0.71428571 0.28571429 0.57142857 0.57142857]
Mean:	0.571429
Min:	0.285714
Max:	0.714286

Enclave times:
[236.90012288 236.88855457 236.89539003 236.8214283  236.82486129
 236.82869196]
Mean:	236.851785
Min:	236.821428
Max:	236.895390

Enclave accuracies:
[0.28571429 0.71428571 0.71428571 0.28571429 0.57142857 0.57142857]
Mean:	0.571429
Min:	0.285714
Max:	0.714286

Enclave is slower than TF by a factor of 3593.862428
Number of same results for Enclave and TF per batch:
[7. 7. 7. 7. 7. 7.]
Total measurement took 1423.231845 seconds
