Loading data
Batch 0
Batch 1
Batch 2
Batch 3
Batch 4
Batch 5

BATCH SIZE:	8
NUM BATCHES:	5
SKIPPING FIRST 1 RESULTS

Tensorflow times:
[1.56532311 0.07253647 0.07050538 0.07056069 0.07439518 0.07269669]
Mean:	0.072139
Min:	0.070505
Max:	0.074395

Tensorflow accuracies:
[0.5   0.375 0.875 0.5   0.625 0.625]
Mean:	0.600000
Min:	0.375000
Max:	0.875000

Enclave times:
[718.68744636 718.66178799 718.68812275 718.8783865  718.7822504
 718.27960944]
Mean:	718.658031
Min:	718.279609
Max:	718.878386

Enclave accuracies:
[0.5   0.375 0.875 0.5   0.625 0.625]
Mean:	0.600000
Min:	0.375000
Max:	0.875000

Enclave is slower than TF by a factor of 9962.145443
Number of same results for Enclave and TF per batch:
[8. 8. 8. 8. 8. 8.]
Total measurement took 4314.003577 seconds
