Loading data
Batch 0
Batch 1
Batch 2
Batch 3
Batch 4
Batch 5

BATCH SIZE:	7
NUM BATCHES:	5
SKIPPING FIRST 1 RESULTS

Tensorflow times:
[1.65186334 0.06620646 0.06971717 0.0668242  0.07218957 0.0675993 ]
Mean:	0.068507
Min:	0.066206
Max:	0.072190

Tensorflow accuracies:
[0.42857143 0.57142857 0.57142857 0.71428571 0.71428571 0.42857143]
Mean:	0.600000
Min:	0.428571
Max:	0.714286

Enclave times:
[629.28958774 628.6700139  628.8621335  629.10129547 628.66391516
 628.8191421 ]
Mean:	628.823300
Min:	628.663915
Max:	629.101295

Enclave accuracies:
[0.42857143 0.57142857 0.57142857 0.71428571 0.71428571 0.42857143]
Mean:	0.600000
Min:	0.428571
Max:	0.714286

Enclave is slower than TF by a factor of 9178.918964
Number of same results for Enclave and TF per batch:
[7. 7. 7. 7. 7. 7.]
Total measurement took 3775.493869 seconds
