Loading data
Batch 0
Batch 1
Batch 2
Batch 3
Batch 4
Batch 5

BATCH SIZE:	10
NUM BATCHES:	5
SKIPPING FIRST 1 RESULTS

Tensorflow times:
[1.74262023 0.07390571 0.07694912 0.08386731 0.0772779  0.0790019 ]
Mean:	0.078200
Min:	0.073906
Max:	0.083867

Tensorflow accuracies:
[0.5 0.5 0.3 0.5 0.8 0.5]
Mean:	0.520000
Min:	0.300000
Max:	0.800000

Enclave times:
[898.12748623 898.69968772 898.22696662 898.60438967 898.29059672
 898.91298985]
Mean:	898.546926
Min:	898.226967
Max:	898.912990

Enclave accuracies:
[0.5 0.5 0.3 0.5 0.8 0.5]
Mean:	0.520000
Min:	0.300000
Max:	0.800000

Enclave is slower than TF by a factor of 11490.312895
Number of same results for Enclave and TF per batch:
[10. 10. 10. 10. 10. 10.]
Total measurement took 5393.097909 seconds
