Loading data
Batch 0
Batch 1
Batch 2
Batch 3
Batch 4
Batch 5

BATCH SIZE:	3
NUM BATCHES:	5
SKIPPING FIRST 1 RESULTS

Tensorflow times:
[1.49835157 0.03890038 0.04141998 0.03991795 0.04064226 0.03942084]
Mean:	0.040060
Min:	0.038900
Max:	0.041420

Tensorflow accuracies:
[0.         0.33333333 0.33333333 1.         0.33333333 0.33333333]
Mean:	0.466667
Min:	0.333333
Max:	1.000000

Enclave times:
[269.64745283 270.29435468 270.00084233 270.02642679 270.96402001
 272.34740067]
Mean:	270.726609
Min:	270.000842
Max:	272.347401

Enclave accuracies:
[0.         0.33333333 0.33333333 1.         0.33333333 0.33333333]
Mean:	0.466667
Min:	0.333333
Max:	1.000000

Enclave is slower than TF by a factor of 6757.980649
Number of same results for Enclave and TF per batch:
[3. 3. 3. 3. 3. 3.]
Total measurement took 1625.075405 seconds
