Loading data
Batch 0
Batch 1
Batch 2
Batch 3
Batch 4
Batch 5

BATCH SIZE:	9
NUM BATCHES:	5
SKIPPING FIRST 1 RESULTS

Tensorflow times:
[1.72614646 0.07105303 0.06848621 0.0799942  0.07597828 0.0811646 ]
Mean:	0.075335
Min:	0.068486
Max:	0.081165

Tensorflow accuracies:
[0.66666667 0.33333333 0.66666667 0.77777778 0.66666667 0.55555556]
Mean:	0.600000
Min:	0.333333
Max:	0.777778

Enclave times:
[808.20078921 808.74749184 808.52962732 808.43836021 808.60490918
 808.50475168]
Mean:	808.565028
Min:	808.438360
Max:	808.747492

Enclave accuracies:
[0.66666667 0.33333333 0.66666667 0.77777778 0.66666667 0.55555556]
Mean:	0.600000
Min:	0.333333
Max:	0.777778

Enclave is slower than TF by a factor of 10732.888994
Number of same results for Enclave and TF per batch:
[9. 9. 9. 9. 9. 9.]
Total measurement took 4853.227023 seconds
