Loading data
Batch 0
Batch 1
Batch 2
Batch 3
Batch 4
Batch 5

BATCH SIZE:	5
NUM BATCHES:	5
SKIPPING FIRST 1 RESULTS

Tensorflow times:
[1.58076644 0.05078745 0.05460906 0.05313706 0.05422974 0.05236959]
Mean:	0.053027
Min:	0.050787
Max:	0.054609

Tensorflow accuracies:
[0.6 0.8 0.6 0.2 0.4 0.2]
Mean:	0.440000
Min:	0.200000
Max:	0.800000

Enclave times:
[456.73172259 449.73264432 449.27822018 449.91584945 451.73552322
 453.83859062]
Mean:	450.900166
Min:	449.278220
Max:	453.838591

Enclave accuracies:
[0.6 0.8 0.6 0.2 0.4 0.2]
Mean:	0.440000
Min:	0.200000
Max:	0.800000

Enclave is slower than TF by a factor of 8503.285686
Number of same results for Enclave and TF per batch:
[5. 5. 5. 5. 5. 5.]
Total measurement took 2713.167251 seconds
