Loading data
Batch 0
Batch 1
Batch 2
Batch 3
Batch 4
Batch 5

BATCH SIZE:	8
NUM BATCHES:	5
SKIPPING FIRST 1 RESULTS

Tensorflow times:
[1.55570936 0.07724261 0.06941772 0.0771203  0.07148743 0.07448387]
Mean:	0.073950
Min:	0.069418
Max:	0.077243

Tensorflow accuracies:
[0.875 0.5   0.5   0.5   0.625 0.5  ]
Mean:	0.525000
Min:	0.500000
Max:	0.625000

Enclave times:
[668.86400747 668.63906503 668.68213272 668.79549313 668.57847047
 668.9463768 ]
Mean:	668.728308
Min:	668.578470
Max:	668.946377

Enclave accuracies:
[0.875 0.5   0.5   0.5   0.625 0.5  ]
Mean:	0.525000
Min:	0.500000
Max:	0.625000

Enclave is slower than TF by a factor of 9042.931935
Number of same results for Enclave and TF per batch:
[8. 8. 8. 8. 8. 8.]
Total measurement took 4014.531049 seconds
