Loading data
Batch 0
Batch 1
Batch 2
Batch 3
Batch 4
Batch 5

BATCH SIZE:	3
NUM BATCHES:	5
SKIPPING FIRST 1 RESULTS

Tensorflow times:
[1.5005703  0.04381561 0.04622197 0.04351974 0.04374552 0.0487473 ]
Mean:	0.045210
Min:	0.043520
Max:	0.048747

Tensorflow accuracies:
[0.66666667 0.         1.         0.33333333 1.         0.66666667]
Mean:	0.600000
Min:	0.000000
Max:	1.000000

Enclave times:
[250.77343917 250.66641951 250.67751527 250.78505397 250.78450203
 250.68407655]
Mean:	250.719513
Min:	250.666420
Max:	250.785054

Enclave accuracies:
[0.66666667 0.         1.         0.33333333 1.         0.66666667]
Mean:	0.600000
Min:	0.000000
Max:	1.000000

Enclave is slower than TF by a factor of 5545.661577
Number of same results for Enclave and TF per batch:
[3. 3. 3. 3. 3. 3.]
Total measurement took 1506.192165 seconds
