Loading data
Batch 0
Batch 1
Batch 2
Batch 3
Batch 4
Batch 5

BATCH SIZE:	9
NUM BATCHES:	5
SKIPPING FIRST 1 RESULTS

Tensorflow times:
[1.71247697 0.0762372  0.07563758 0.07466102 0.07969594 0.07444286]
Mean:	0.076135
Min:	0.074443
Max:	0.079696

Tensorflow accuracies:
[0.22222222 0.44444444 0.33333333 0.66666667 0.44444444 0.66666667]
Mean:	0.511111
Min:	0.333333
Max:	0.666667

Enclave times:
[752.18472791 752.51580691 752.60541368 752.17321849 752.3399632
 752.54107809]
Mean:	752.435096
Min:	752.173218
Max:	752.605414

Enclave accuracies:
[0.22222222 0.44444444 0.33333333 0.66666667 0.44444444 0.66666667]
Mean:	0.511111
Min:	0.333333
Max:	0.666667

Enclave is slower than TF by a factor of 9882.916996
Number of same results for Enclave and TF per batch:
[9. 9. 9. 9. 9. 9.]
Total measurement took 4516.553903 seconds
