Loading data
Batch 0
Batch 1
Batch 2
Batch 3
Batch 4
Batch 5

BATCH SIZE:	7
NUM BATCHES:	5
SKIPPING FIRST 1 RESULTS

Tensorflow times:
[1.66236281 0.06488442 0.07325053 0.06819677 0.06770205 0.06773877]
Mean:	0.068355
Min:	0.064884
Max:	0.073251

Tensorflow accuracies:
[0.57142857 0.71428571 0.57142857 0.71428571 0.57142857 0.71428571]
Mean:	0.657143
Min:	0.571429
Max:	0.714286

Enclave times:
[585.16781831 585.30887294 585.16117907 585.29256701 585.30889106
 585.27704072]
Mean:	585.269710
Min:	585.161179
Max:	585.308891

Enclave accuracies:
[0.57142857 0.71428571 0.57142857 0.71428571 0.57142857 0.71428571]
Mean:	0.657143
Min:	0.571429
Max:	0.714286

Enclave is slower than TF by a factor of 8562.268962
Number of same results for Enclave and TF per batch:
[7. 7. 7. 7. 7. 7.]
Total measurement took 3513.619114 seconds
