Loading data
Batch 0
Batch 1
Batch 2
Batch 3
Batch 4
Batch 5

BATCH SIZE:	15
NUM BATCHES:	5
SKIPPING FIRST 1 RESULTS

Tensorflow times:
[1.96560669 0.09367442 0.10396957 0.09784389 0.09759355 0.09846139]
Mean:	0.098309
Min:	0.093674
Max:	0.103970

Tensorflow accuracies:
[0.73333333 0.8        0.66666667 0.53333333 0.73333333 0.46666667]
Mean:	0.640000
Min:	0.466667
Max:	0.800000

Enclave times:
[1254.30339313 1254.35828352 1253.39023519 1253.52261591 1253.10504913
 1253.15547776]
Mean:	1253.506332
Min:	1253.105049
Max:	1254.358284

Enclave accuracies:
[0.73333333 0.8        0.66666667 0.53333333 0.73333333 0.46666667]
Mean:	0.640000
Min:	0.466667
Max:	0.800000

Enclave is slower than TF by a factor of 12750.733925
Number of same results for Enclave and TF per batch:
[15. 15. 15. 15. 15. 15.]
Total measurement took 7524.401708 seconds
