Loading data
Batch 0
Batch 1
Batch 2
Batch 3
Batch 4
Batch 5

BATCH SIZE:	1
NUM BATCHES:	5
SKIPPING FIRST 1 RESULTS

Tensorflow times:
[1.40603018 0.03068066 0.03416204 0.03818464 0.02945733 0.03304744]
Mean:	0.033106
Min:	0.029457
Max:	0.038185

Tensorflow accuracies:
[1. 0. 1. 1. 0. 1.]
Mean:	0.600000
Min:	0.000000
Max:	1.000000

Enclave times:
[83.64303923 83.58839107 83.58542013 83.58885789 83.59860873 83.65507913]
Mean:	83.603271
Min:	83.585420
Max:	83.655079

Enclave accuracies:
[1. 0. 1. 1. 0. 1.]
Mean:	0.600000
Min:	0.000000
Max:	1.000000

Enclave is slower than TF by a factor of 2525.288608
Number of same results for Enclave and TF per batch:
[1. 1. 1. 1. 1. 1.]
Total measurement took 503.324631 seconds
