Loading data
Batch 0
Batch 1
Batch 2
Batch 3
Batch 4
Batch 5

BATCH SIZE:	5
NUM BATCHES:	5
SKIPPING FIRST 1 RESULTS

Tensorflow times:
[1.57609081 0.06248569 0.05442882 0.06340528 0.0599432  0.05570817]
Mean:	0.059194
Min:	0.054429
Max:	0.063405

Tensorflow accuracies:
[0.6 0.2 0.8 0.4 0.6 0.4]
Mean:	0.480000
Min:	0.200000
Max:	0.800000

Enclave times:
[417.85444188 417.81199908 417.85882688 417.91642165 417.88244748
 417.97213745]
Mean:	417.888367
Min:	417.811999
Max:	417.972137

Enclave accuracies:
[0.6 0.2 0.8 0.4 0.6 0.4]
Mean:	0.480000
Min:	0.200000
Max:	0.800000

Enclave is slower than TF by a factor of 7059.613060
Number of same results for Enclave and TF per batch:
[5. 5. 5. 5. 5. 5.]
Total measurement took 2509.264123 seconds
