Loading data
Batch 0
Batch 1
Batch 2
Batch 3
Batch 4
Batch 5
Batch 6
Batch 7
Batch 8
Batch 9
Batch 10

BATCH SIZE:	5
NUM BATCHES:	10
SKIPPING FIRST 1 RESULTS

Tensorflow times:
[1.60393763 0.04806852 0.04485321 0.0532074  0.05334401 0.0535531
 0.05419159 0.05567908 0.05615163 0.05329108 0.05574131]
Mean:	0.052808
Min:	0.044853
Max:	0.056152

Tensorflow accuracies:
[0.6 0.6 0.6 0.2 0.6 0.6 0.6 0.4 0.6 1.  1. ]
Mean:	0.620000
Min:	0.200000
Max:	1.000000

Enclave times:
[0.58453417 0.52602196 0.52472329 0.54068446 0.54335451 0.52737641
 0.53043985 0.52820945 0.54985976 0.53223515 0.53138328]
Mean:	0.533429
Min:	0.524723
Max:	0.549860

Enclave accuracies:
[0.6 0.6 0.6 0.2 0.6 0.6 0.6 0.4 0.6 1.  1. ]
Mean:	0.620000
Min:	0.200000
Max:	1.000000

Enclave is slower than TF by a factor of 10.101270
Number of same results for Enclave and TF per batch:
[5. 5. 5. 5. 5. 5. 5. 5. 5. 5. 5.]
Total measurement took 8.164726 seconds
