Loading data
Batch 0
Batch 1
Batch 2
Batch 3
Batch 4
Batch 5
Batch 6
Batch 7
Batch 8
Batch 9
Batch 10

BATCH SIZE:	7
NUM BATCHES:	10
SKIPPING FIRST 1 RESULTS

Tensorflow times:
[1.66782546 0.05586481 0.06064892 0.06442738 0.06771731 0.065485
 0.06533051 0.06787157 0.06737113 0.06436491 0.06457996]
Mean:	0.064366
Min:	0.055865
Max:	0.067872

Tensorflow accuracies:
[0.28571429 0.85714286 1.         0.57142857 0.71428571 0.57142857
 0.28571429 0.28571429 0.42857143 0.57142857 0.28571429]
Mean:	0.557143
Min:	0.285714
Max:	1.000000

Enclave times:
[0.81841874 0.72360229 0.7518332  0.77650642 0.78789592 0.76314998
 0.76094246 0.73351097 0.763695   0.74553013 0.7538383 ]
Mean:	0.756050
Min:	0.723602
Max:	0.787896

Enclave accuracies:
[0.28571429 0.85714286 1.         0.57142857 0.71428571 0.57142857
 0.28571429 0.28571429 0.42857143 0.57142857 0.28571429]
Mean:	0.557143
Min:	0.285714
Max:	1.000000

Enclave is slower than TF by a factor of 11.746088
Number of same results for Enclave and TF per batch:
[7. 7. 7. 7. 7. 7. 7. 7. 7. 7. 7.]
Total measurement took 10.807901 seconds
