Loading data
Batch 0
Batch 1
Batch 2
Batch 3
Batch 4
Batch 5
Batch 6
Batch 7
Batch 8
Batch 9
Batch 10

BATCH SIZE:	15
NUM BATCHES:	10
SKIPPING FIRST 1 RESULTS

Tensorflow times:
[1.96571231 0.0862112  0.08243632 0.08241296 0.10018015 0.08533025
 0.09356999 0.09890509 0.08728385 0.08905101 0.08807206]
Mean:	0.089345
Min:	0.082413
Max:	0.100180

Tensorflow accuracies:
[0.33333333 0.66666667 0.53333333 0.53333333 0.8        0.33333333
 0.6        0.53333333 0.53333333 0.46666667 0.53333333]
Mean:	0.553333
Min:	0.333333
Max:	0.800000

Enclave times:
[1.65105224 1.57816148 1.56963515 1.58489275 1.61824274 1.59201479
 1.58791709 1.66821313 1.58183932 1.61659288 1.62807369]
Mean:	1.602558
Min:	1.569635
Max:	1.668213

Enclave accuracies:
[0.33333333 0.66666667 0.53333333 0.53333333 0.8        0.33333333
 0.6        0.53333333 0.53333333 0.46666667 0.53333333]
Mean:	0.553333
Min:	0.333333
Max:	0.800000

Enclave is slower than TF by a factor of 17.936685
Number of same results for Enclave and TF per batch:
[15. 15. 15. 15. 15. 15. 15. 15. 15. 15. 15.]
Total measurement took 20.669382 seconds
