Loading data
Batch 0
Batch 1
Batch 2
Batch 3
Batch 4
Batch 5
Batch 6
Batch 7
Batch 8
Batch 9
Batch 10

BATCH SIZE:	3
NUM BATCHES:	10
SKIPPING FIRST 1 RESULTS

Tensorflow times:
[1.51191473 0.03559804 0.0355103  0.03652048 0.03646398 0.03587675
 0.03915143 0.0407443  0.04130912 0.0399518  0.04025269]
Mean:	0.038138
Min:	0.035510
Max:	0.041309

Tensorflow accuracies:
[0.33333333 0.66666667 1.         0.66666667 0.33333333 0.66666667
 0.66666667 0.66666667 0.66666667 1.         1.        ]
Mean:	0.733333
Min:	0.333333
Max:	1.000000

Enclave times:
[0.37254167 0.32552195 0.31510782 0.31401229 0.33054996 0.31726146
 0.32684135 0.32864952 0.31246662 0.33241439 0.33974624]
Mean:	0.324257
Min:	0.312467
Max:	0.339746

Enclave accuracies:
[0.33333333 0.66666667 1.         0.66666667 0.33333333 0.66666667
 0.66666667 0.66666667 0.66666667 1.         1.        ]
Mean:	0.733333
Min:	0.333333
Max:	1.000000

Enclave is slower than TF by a factor of 8.502231
Number of same results for Enclave and TF per batch:
[3. 3. 3. 3. 3. 3. 3. 3. 3. 3. 3.]
Total measurement took 5.620066 seconds
