Loading data
Batch 0
Batch 1
Batch 2
Batch 3
Batch 4
Batch 5
Batch 6
Batch 7
Batch 8
Batch 9
Batch 10

BATCH SIZE:	1
NUM BATCHES:	10
SKIPPING FIRST 1 RESULTS

Tensorflow times:
[1.413486   0.02457356 0.02488446 0.0244925  0.02557302 0.02516699
 0.02522993 0.02550244 0.0272038  0.02490211 0.02525711]
Mean:	0.025279
Min:	0.024493
Max:	0.027204

Tensorflow accuracies:
[0. 0. 1. 0. 1. 1. 1. 1. 1. 1. 1.]
Mean:	0.800000
Min:	0.000000
Max:	1.000000

Enclave times:
[0.16178441 0.1106658  0.107934   0.10662866 0.11021256 0.11202908
 0.10983706 0.11034274 0.10898399 0.1191895  0.11249185]
Mean:	0.110832
Min:	0.106629
Max:	0.119190

Enclave accuracies:
[0. 0. 1. 0. 1. 1. 1. 1. 1. 1. 1.]
Mean:	0.800000
Min:	0.000000
Max:	1.000000

Enclave is slower than TF by a factor of 4.384403
Number of same results for Enclave and TF per batch:
[1. 1. 1. 1. 1. 1. 1. 1. 1. 1. 1.]
Total measurement took 3.043160 seconds
