Loading data
Batch 0
Batch 1
Batch 2
Batch 3
Batch 4
Batch 5
Batch 6
Batch 7
Batch 8
Batch 9
Batch 10

BATCH SIZE:	8
NUM BATCHES:	10
SKIPPING FIRST 1 RESULTS

Tensorflow times:
[1.58027577 0.06654215 0.07238436 0.06879616 0.07229781 0.0717442
 0.07220268 0.06970572 0.07345653 0.07194233 0.07130051]
Mean:	0.071037
Min:	0.066542
Max:	0.073457

Tensorflow accuracies:
[0.5   0.5   0.5   0.75  0.375 0.375 1.    0.75  0.75  0.25  0.75 ]
Mean:	0.600000
Min:	0.250000
Max:	1.000000

Enclave times:
[0.91894889 0.84061027 0.85304952 0.88421774 0.85571837 0.85968971
 0.85873771 0.85017085 0.86443233 0.84227467 0.87408161]
Mean:	0.858298
Min:	0.840610
Max:	0.884218

Enclave accuracies:
[0.5   0.5   0.5   0.75  0.375 0.375 1.    0.75  0.75  0.25  0.75 ]
Mean:	0.600000
Min:	0.250000
Max:	1.000000

Enclave is slower than TF by a factor of 12.082370
Number of same results for Enclave and TF per batch:
[8. 8. 8. 8. 8. 8. 8. 8. 8. 8. 8.]
Total measurement took 11.913756 seconds
