Loading data
Batch 0
Batch 1
Batch 2
Batch 3
Batch 4
Batch 5
Batch 6
Batch 7
Batch 8
Batch 9
Batch 10

BATCH SIZE:	9
NUM BATCHES:	10
SKIPPING FIRST 1 RESULTS

Tensorflow times:
[1.73667312 0.06782699 0.07414794 0.07638383 0.07824039 0.07579088
 0.07236123 0.07672429 0.07653761 0.07098317 0.0760386 ]
Mean:	0.074503
Min:	0.067827
Max:	0.078240

Tensorflow accuracies:
[1.         0.66666667 0.44444444 0.77777778 0.55555556 0.77777778
 0.44444444 0.77777778 0.66666667 0.55555556 0.33333333]
Mean:	0.600000
Min:	0.333333
Max:	0.777778

Enclave times:
[1.03140426 0.95548797 0.96928644 0.97615957 0.98824096 0.99159408
 0.98896384 0.97710037 1.00277543 0.99018097 0.97970557]
Mean:	0.981950
Min:	0.955488
Max:	1.002775

Enclave accuracies:
[1.         0.66666667 0.44444444 0.77777778 0.55555556 0.77777778
 0.44444444 0.77777778 0.66666667 0.55555556 0.33333333]
Mean:	0.600000
Min:	0.333333
Max:	0.777778

Enclave is slower than TF by a factor of 13.179912
Number of same results for Enclave and TF per batch:
[9. 9. 9. 9. 9. 9. 9. 9. 9. 9. 9.]
Total measurement took 13.454829 seconds
