Loading data
Batch 0
Batch 1
Batch 2
Batch 3
Batch 4
Batch 5
Batch 6
Batch 7
Batch 8
Batch 9
Batch 10

BATCH SIZE:	10
NUM BATCHES:	10
SKIPPING FIRST 1 RESULTS

Tensorflow times:
[1.7836237  0.07002997 0.07122111 0.08298373 0.07382178 0.07906914
 0.07456231 0.08051252 0.08173585 0.07779026 0.08309221]
Mean:	0.077482
Min:	0.070030
Max:	0.083092

Tensorflow accuracies:
[0.6 0.8 0.5 0.8 0.2 0.5 0.6 0.7 0.6 0.6 0.5]
Mean:	0.580000
Min:	0.200000
Max:	0.800000

Enclave times:
[1.10237503 1.01811886 1.06357193 1.05222225 1.05348349 1.0549953
 1.0512042  1.05097365 1.05460429 1.03578281 1.06153679]
Mean:	1.049649
Min:	1.018119
Max:	1.063572

Enclave accuracies:
[0.6 0.8 0.5 0.8 0.2 0.5 0.6 0.7 0.6 0.6 0.5]
Mean:	0.580000
Min:	0.200000
Max:	0.800000

Enclave is slower than TF by a factor of 13.547028
Number of same results for Enclave and TF per batch:
[10. 10. 10. 10. 10. 10. 10. 10. 10. 10. 10.]
Total measurement took 14.284013 seconds
