Loading data
Batch 0
Batch 1
Batch 2
Batch 3
Batch 4
Batch 5
Batch 6
Batch 7
Batch 8
Batch 9
Batch 10

BATCH SIZE:	10
NUM BATCHES:	10
SKIPPING FIRST 1 RESULTS

Tensorflow times:
[1.76660442 0.0712049  0.07107639 0.07494664 0.07326794 0.07172823
 0.07293916 0.0672617  0.07286072 0.07085752 0.06842494]
Mean:	0.071457
Min:	0.067262
Max:	0.074947

Tensorflow accuracies:
[0.5 0.8 0.9 0.5 0.5 0.8 0.5 0.8 0.6 0.4 0.8]
Mean:	0.660000
Min:	0.400000
Max:	0.900000

Enclave times:
[0.12208366 0.04354262 0.0448184  0.04471827 0.04440141 0.04501057
 0.04375696 0.0439465  0.04472566 0.04374576 0.04488063]
Mean:	0.044355
Min:	0.043543
Max:	0.045011

Enclave accuracies:
[0.5 0.8 0.9 0.5 0.5 0.8 0.5 0.8 0.6 0.4 0.8]
Mean:	0.660000
Min:	0.400000
Max:	0.900000

Enclave is slower than TF by a factor of 0.620720
Number of same results for Enclave and TF per batch:
[10. 10. 10. 10. 10. 10. 10. 10. 10. 10. 10.]
Total measurement took 3.172739 seconds
