Loading data
Batch 0
Batch 1
Batch 2
Batch 3
Batch 4
Batch 5
Batch 6
Batch 7
Batch 8
Batch 9
Batch 10

BATCH SIZE:	15
NUM BATCHES:	10
SKIPPING FIRST 1 RESULTS

Tensorflow times:
[1.97300339 0.0890367  0.08692813 0.08813071 0.08789039 0.08955121
 0.09487176 0.0979917  0.08732772 0.09603906 0.09461546]
Mean:	0.091238
Min:	0.086928
Max:	0.097992

Tensorflow accuracies:
[0.46666667 0.4        0.46666667 0.6        0.6        0.73333333
 0.6        0.53333333 0.33333333 0.73333333 0.66666667]
Mean:	0.566667
Min:	0.333333
Max:	0.733333

Enclave times:
[0.13183641 0.05583405 0.05681229 0.05596137 0.05538678 0.05544448
 0.05523252 0.05531311 0.05537963 0.05629992 0.05537271]
Mean:	0.055704
Min:	0.055233
Max:	0.056812

Enclave accuracies:
[0.46666667 0.4        0.46666667 0.6        0.6        0.73333333
 0.6        0.53333333 0.33333333 0.73333333 0.66666667]
Mean:	0.566667
Min:	0.333333
Max:	0.733333

Enclave is slower than TF by a factor of 0.610530
Number of same results for Enclave and TF per batch:
[15. 15. 15. 15. 15. 15. 15. 15. 15. 15. 15.]
Total measurement took 3.706784 seconds
