Loading data
Batch 0
Batch 1
Batch 2
Batch 3
Batch 4
Batch 5
Batch 6
Batch 7
Batch 8
Batch 9
Batch 10

BATCH SIZE:	1
NUM BATCHES:	10
SKIPPING FIRST 1 RESULTS

Tensorflow times:
[1.4154067  0.02567267 0.02507377 0.02502966 0.02514815 0.02494621
 0.02701497 0.02533889 0.02574539 0.02509832 0.02521586]
Mean:	0.025428
Min:	0.024946
Max:	0.027015

Tensorflow accuracies:
[1. 0. 0. 1. 1. 1. 1. 1. 1. 1. 0.]
Mean:	0.700000
Min:	0.000000
Max:	1.000000

Enclave times:
[0.08263707 0.00818706 0.0083611  0.00801873 0.00783253 0.00806451
 0.00787401 0.00823855 0.008003   0.00778627 0.00814176]
Mean:	0.008051
Min:	0.007786
Max:	0.008361

Enclave accuracies:
[1. 0. 0. 1. 1. 1. 1. 1. 1. 1. 0.]
Mean:	0.700000
Min:	0.000000
Max:	1.000000

Enclave is slower than TF by a factor of 0.316605
Number of same results for Enclave and TF per batch:
[1. 1. 1. 1. 1. 1. 1. 1. 1. 1. 1.]
Total measurement took 1.942644 seconds
