Loading data
Batch 0
Batch 1
Batch 2
Batch 3
Batch 4
Batch 5
Batch 6
Batch 7
Batch 8
Batch 9
Batch 10

BATCH SIZE:	9
NUM BATCHES:	10
SKIPPING FIRST 1 RESULTS

Tensorflow times:
[1.72068381 0.06723881 0.07003117 0.07043672 0.06931806 0.06420851
 0.07110047 0.06614494 0.07072282 0.06853652 0.0725255 ]
Mean:	0.069026
Min:	0.064209
Max:	0.072526

Tensorflow accuracies:
[0.77777778 0.88888889 0.55555556 0.55555556 0.66666667 0.66666667
 0.66666667 0.55555556 0.77777778 0.55555556 0.77777778]
Mean:	0.666667
Min:	0.555556
Max:	0.888889

Enclave times:
[0.11621308 0.04096031 0.04104662 0.04095626 0.04091597 0.0406909
 0.04091287 0.04090142 0.0408392  0.04070807 0.04083538]
Mean:	0.040877
Min:	0.040691
Max:	0.041047

Enclave accuracies:
[0.77777778 0.88888889 0.55555556 0.55555556 0.66666667 0.66666667
 0.66666667 0.55555556 0.77777778 0.55555556 0.77777778]
Mean:	0.666667
Min:	0.555556
Max:	0.888889

Enclave is slower than TF by a factor of 0.592190
Number of same results for Enclave and TF per batch:
[9. 9. 9. 9. 9. 9. 9. 9. 9. 9. 9.]
Total measurement took 3.058927 seconds
