Loading data
Batch 0
Batch 1
Batch 2
Batch 3
Batch 4
Batch 5
Batch 6
Batch 7
Batch 8
Batch 9
Batch 10

BATCH SIZE:	5
NUM BATCHES:	10
SKIPPING FIRST 1 RESULTS

Tensorflow times:
[1.57677245 0.04864693 0.04723525 0.04642987 0.05067468 0.04979563
 0.04739976 0.04805493 0.04898763 0.04815078 0.05027938]
Mean:	0.048565
Min:	0.046430
Max:	0.050675

Tensorflow accuracies:
[0.4 0.4 0.2 0.4 0.8 0.2 0.8 0.4 0.4 0.6 0.6]
Mean:	0.480000
Min:	0.200000
Max:	0.800000

Enclave times:
[0.10241008 0.02579379 0.02594495 0.02587104 0.02618313 0.02617621
 0.02618027 0.0258553  0.02607203 0.0259316  0.02612448]
Mean:	0.026013
Min:	0.025794
Max:	0.026183

Enclave accuracies:
[0.4 0.4 0.2 0.4 0.8 0.2 0.8 0.4 0.4 0.6 0.6]
Mean:	0.480000
Min:	0.200000
Max:	0.800000

Enclave is slower than TF by a factor of 0.535633
Number of same results for Enclave and TF per batch:
[5. 5. 5. 5. 5. 5. 5. 5. 5. 5. 5.]
Total measurement took 2.543117 seconds
