Loading data
Batch 0
Batch 1
Batch 2
Batch 3
Batch 4
Batch 5
Batch 6
Batch 7
Batch 8
Batch 9
Batch 10

BATCH SIZE:	7
NUM BATCHES:	10
SKIPPING FIRST 1 RESULTS

Tensorflow times:
[1.66453362 0.05766034 0.06064701 0.06015778 0.0575707  0.05897164
 0.06053829 0.05855536 0.05833149 0.0609684  0.06246638]
Mean:	0.059587
Min:	0.057571
Max:	0.062466

Tensorflow accuracies:
[1.         0.42857143 0.57142857 0.42857143 0.42857143 0.71428571
 0.57142857 0.57142857 0.42857143 0.85714286 0.42857143]
Mean:	0.542857
Min:	0.428571
Max:	0.857143

Enclave times:
[0.11039472 0.03485656 0.03480625 0.03464055 0.03468442 0.03520703
 0.03610659 0.03512406 0.03532529 0.03522658 0.03490615]
Mean:	0.035088
Min:	0.034641
Max:	0.036107

Enclave accuracies:
[1.         0.42857143 0.57142857 0.42857143 0.42857143 0.71428571
 0.57142857 0.57142857 0.42857143 0.85714286 0.42857143]
Mean:	0.542857
Min:	0.428571
Max:	0.857143

Enclave is slower than TF by a factor of 0.588862
Number of same results for Enclave and TF per batch:
[7. 7. 7. 7. 7. 7. 7. 7. 7. 7. 7.]
Total measurement took 2.841552 seconds
