Loading data
Loading data
Batch 0
Batch 1
Batch 2
Batch 3
Batch 4
Batch 5

BATCH SIZE:	3
NUM BATCHES:	5
SKIPPING FIRST 1 RESULTS

Tensorflow times:
[1.48873782 0.03901148 0.03884745 0.04041576 0.03985095 0.03995633]
Mean:	0.039616
Min:	0.038847
Max:	0.040416

Tensorflow accuracies:
[0.         0.33333333 1.         0.33333333 0.66666667 0.33333333]
Mean:	0.533333
Min:	0.333333
Max:	1.000000

Enclave times:
[25.10250711 25.06862664 25.06406689 25.05456328 25.08064628 25.04957271]
Mean:	25.063495
Min:	25.049573
Max:	25.080646

Enclave accuracies:
[0.         0.33333333 1.         0.33333333 0.66666667 0.33333333]
Mean:	0.533333
Min:	0.333333
Max:	1.000000

Enclave is slower than TF by a factor of 632.654631
Number of same results for Enclave and TF per batch:
[3. 3. 3. 3. 3. 3.]
Total measurement took 152.208522 seconds
