Loading data
Batch 0
Batch 1
Batch 2
Batch 3
Batch 4
Batch 5

BATCH SIZE:	10
NUM BATCHES:	5
SKIPPING FIRST 1 RESULTS

Tensorflow times:
[1.74547172 0.07874942 0.07917595 0.08025622 0.08185172 0.08210492]
Mean:	0.080428
Min:	0.078749
Max:	0.082105

Tensorflow accuracies:
[0.5 0.5 0.5 0.4 0.4 0.5]
Mean:	0.460000
Min:	0.400000
Max:	0.500000

Enclave times:
[83.66441035 83.66258717 83.64073491 83.62342596 83.57846665 83.62078571]
Mean:	83.625200
Min:	83.578467
Max:	83.662587

Enclave accuracies:
[0.5 0.5 0.5 0.4 0.4 0.5]
Mean:	0.460000
Min:	0.400000
Max:	0.500000

Enclave is slower than TF by a factor of 1039.756894
Number of same results for Enclave and TF per batch:
[10. 10. 10. 10. 10. 10.]
Total measurement took 504.043275 seconds
