Loading data
Batch 0
Batch 1
Batch 2
Batch 3
Batch 4
Batch 5

BATCH SIZE:	15
NUM BATCHES:	5
SKIPPING FIRST 1 RESULTS

Tensorflow times:
[1.95321178 0.09545994 0.09785247 0.10303164 0.10515141 0.10272169]
Mean:	0.100843
Min:	0.095460
Max:	0.105151

Tensorflow accuracies:
[0.73333333 0.6        0.2        0.73333333 0.93333333 0.66666667]
Mean:	0.626667
Min:	0.200000
Max:	0.933333

Enclave times:
[125.50858951 125.40750575 125.3185041  125.28865099 125.40109468
 125.38821268]
Mean:	125.360794
Min:	125.288651
Max:	125.407506

Enclave accuracies:
[0.73333333 0.6        0.2        0.73333333 0.93333333 0.66666667]
Mean:	0.626667
Min:	0.200000
Max:	0.933333

Enclave is slower than TF by a factor of 1243.123069
Number of same results for Enclave and TF per batch:
[15. 15. 15. 15. 15. 15.]
Total measurement took 754.883333 seconds
